# JRE version: Java(TM) SE Runtime Environment (8.0_73-b02) (build 1.8.0_73-b02)
# Java VM: Java HotSpot(TM) Client VM (25.73-b02 mixed mode, sharing windows-x86 )
Heap:
 def new generation   total 14848K, used 6897K [0x04600000, 0x05610000, 0x09b50000)
  eden space 13248K,  50% used [0x04600000, 0x04c79900, 0x052f0000)
  from space 1600K,  16% used [0x052f0000, 0x05332c28, 0x05480000)
  to   space 1600K,   0% used [0x05480000, 0x05480000, 0x05610000)
 tenured generation   total 32680K, used 21087K [0x09b50000, 0x0bb3a000, 0x14600000)
   the space 32680K,  64% used [0x09b50000, 0x0afe7f00, 0x0afe8000, 0x0bb3a000)
 Metaspace       used 10036K, capacity 10286K, committed 10368K, reserved 10624K
GC Heap History (10 events):
Event: 28.758 GC heap before
{Heap before GC invocations=53 (full 2):
 def new generation   total 8640K, used 8267K [0x04600000, 0x04f50000, 0x09b50000)
  eden space 7744K, 100% used [0x04600000, 0x04d90000, 0x04d90000)
  from space 896K,  58% used [0x04d90000, 0x04e12cb0, 0x04e70000)
  to   space 896K,   0% used [0x04e70000, 0x04e70000, 0x04f50000)
 tenured generation   total 18860K, used 16908K [0x09b50000, 0x0adbb000, 0x14600000)
   the space 18860K,  89% used [0x09b50000, 0x0abd3288, 0x0abd3400, 0x0adbb000)
 Metaspace       used 9867K, capacity 10092K, committed 10112K, reserved 10624K
Event: 28.840 GC heap after
Heap after GC invocations=54 (full 3):
 def new generation   total 14848K, used 0K [0x04600000, 0x05610000, 0x09b50000)
  eden space 13248K,   0% used [0x04600000, 0x04600000, 0x052f0000)
  from space 1600K,   0% used [0x052f0000, 0x052f0000, 0x05480000)
  to   space 1600K,   0% used [0x05480000, 0x05480000, 0x05610000)
 tenured generation   total 32680K, used 19607K [0x09b50000, 0x0bb3a000, 0x14600000)
   the space 32680K,  59% used [0x09b50000, 0x0ae75ef8, 0x0ae76000, 0x0bb3a000)
 Metaspace       used 9867K, capacity 10092K, committed 10112K, reserved 10624K
}
Event: 30.981 GC heap before
{Heap before GC invocations=54 (full 3):
 def new generation   total 14848K, used 13248K [0x04600000, 0x05610000, 0x09b50000)
  eden space 13248K, 100% used [0x04600000, 0x052f0000, 0x052f0000)
  from space 1600K,   0% used [0x052f0000, 0x052f0000, 0x05480000)
  to   space 1600K,   0% used [0x05480000, 0x05480000, 0x05610000)
 tenured generation   total 32680K, used 19607K [0x09b50000, 0x0bb3a000, 0x14600000)
   the space 32680K,  59% used [0x09b50000, 0x0ae75ef8, 0x0ae76000, 0x0bb3a000)
 Metaspace       used 10014K, capacity 10284K, committed 10368K, reserved 10624K
Event: 30.986 GC heap after
Heap after GC invocations=55 (full 3):
 def new generation   total 14848K, used 1403K [0x04600000, 0x05610000, 0x09b50000)
  eden space 13248K,   0% used [0x04600000, 0x04600000, 0x052f0000)
  from space 1600K,  87% used [0x05480000, 0x055decf0, 0x05610000)
  to   space 1600K,   0% used [0x052f0000, 0x052f0000, 0x05480000)
 tenured generation   total 32680K, used 19607K [0x09b50000, 0x0bb3a000, 0x14600000)
   the space 32680K,  59% used [0x09b50000, 0x0ae75ef8, 0x0ae76000, 0x0bb3a000)
 Metaspace       used 10014K, capacity 10284K, committed 10368K, reserved 10624K
}
Event: 47.143 GC heap before
{Heap before GC invocations=55 (full 3):
 def new generation   total 14848K, used 14651K [0x04600000, 0x05610000, 0x09b50000)
  eden space 13248K, 100% used [0x04600000, 0x052f0000, 0x052f0000)
  from space 1600K,  87% used [0x05480000, 0x055decf0, 0x05610000)
  to   space 1600K,   0% used [0x052f0000, 0x052f0000, 0x05480000)
 tenured generation   total 32680K, used 19607K [0x09b50000, 0x0bb3a000, 0x14600000)
   the space 32680K,  59% used [0x09b50000, 0x0ae75ef8, 0x0ae76000, 0x0bb3a000)
 Metaspace       used 10032K, capacity 10286K, committed 10368K, reserved 10624K
Event: 47.148 GC heap after
Heap after GC invocations=56 (full 3):
 def new generation   total 14848K, used 986K [0x04600000, 0x05610000, 0x09b50000)
  eden space 13248K,   0% used [0x04600000, 0x04600000, 0x052f0000)
  from space 1600K,  61% used [0x052f0000, 0x053e6b78, 0x05480000)
  to   space 1600K,   0% used [0x05480000, 0x05480000, 0x05610000)
 tenured generation   total 32680K, used 20136K [0x09b50000, 0x0bb3a000, 0x14600000)
   the space 32680K,  61% used [0x09b50000, 0x0aefa248, 0x0aefa400, 0x0bb3a000)
 Metaspace       used 10032K, capacity 10286K, committed 10368K, reserved 10624K
}
Event: 67.327 GC heap before
{Heap before GC invocations=56 (full 3):
 def new generation   total 14848K, used 14234K [0x04600000, 0x05610000, 0x09b50000)
  eden space 13248K, 100% used [0x04600000, 0x052f0000, 0x052f0000)
  from space 1600K,  61% used [0x052f0000, 0x053e6b78, 0x05480000)
  to   space 1600K,   0% used [0x05480000, 0x05480000, 0x05610000)
 tenured generation   total 32680K, used 20136K [0x09b50000, 0x0bb3a000, 0x14600000)
   the space 32680K,  61% used [0x09b50000, 0x0aefa248, 0x0aefa400, 0x0bb3a000)
 Metaspace       used 10032K, capacity 10286K, committed 10368K, reserved 10624K
Event: 67.330 GC heap after
Heap after GC invocations=57 (full 3):
 def new generation   total 14848K, used 146K [0x04600000, 0x05610000, 0x09b50000)
  eden space 13248K,   0% used [0x04600000, 0x04600000, 0x052f0000)
  from space 1600K,   9% used [0x05480000, 0x054a4998, 0x05610000)
  to   space 1600K,   0% used [0x052f0000, 0x052f0000, 0x05480000)
 tenured generation   total 32680K, used 21087K [0x09b50000, 0x0bb3a000, 0x14600000)
   the space 32680K,  64% used [0x09b50000, 0x0afe7f00, 0x0afe8000, 0x0bb3a000)
 Metaspace       used 10032K, capacity 10286K, committed 10368K, reserved 10624K
}
Event: 85.506 GC heap before
{Heap before GC invocations=57 (full 3):
 def new generation   total 14848K, used 13394K [0x04600000, 0x05610000, 0x09b50000)
  eden space 13248K, 100% used [0x04600000, 0x052f0000, 0x052f0000)
  from space 1600K,   9% used [0x05480000, 0x054a4998, 0x05610000)
  to   space 1600K,   0% used [0x052f0000, 0x052f0000, 0x05480000)
 tenured generation   total 32680K, used 21087K [0x09b50000, 0x0bb3a000, 0x14600000)
   the space 32680K,  64% used [0x09b50000, 0x0afe7f00, 0x0afe8000, 0x0bb3a000)
 Metaspace       used 10032K, capacity 10286K, committed 10368K, reserved 10624K
Event: 85.509 GC heap after
Heap after GC invocations=58 (full 3):
 def new generation   total 14848K, used 267K [0x04600000, 0x05610000, 0x09b50000)
  eden space 13248K,   0% used [0x04600000, 0x04600000, 0x052f0000)
  from space 1600K,  16% used [0x052f0000, 0x05332c28, 0x05480000)
  to   space 1600K,   0% used [0x05480000, 0x05480000, 0x05610000)
 tenured generation   total 32680K, used 21087K [0x09b50000, 0x0bb3a000, 0x14600000)
   the space 32680K,  64% used [0x09b50000, 0x0afe7f00, 0x0afe8000, 0x0bb3a000)
 Metaspace       used 10032K, capacity 10286K, committed 10368K, reserved 10624K
}

